  [1m[35m (551.0ms)[0m  [1m[35mCREATE DATABASE "TodoR_development" ENCODING = 'unicode'[0m
  ↳ bin/rails:9
  [1m[35m (482.5ms)[0m  [1m[35mCREATE DATABASE "TodoR_test" ENCODING = 'unicode'[0m
  ↳ bin/rails:9
  [1m[35m (56.8ms)[0m  [1m[35mCREATE TABLE "schema_migrations" ("version" character varying NOT NULL PRIMARY KEY)[0m
  ↳ bin/rails:9
  [1m[35m (23.0ms)[0m  [1m[35mCREATE TABLE "ar_internal_metadata" ("key" character varying NOT NULL PRIMARY KEY, "value" character varying, "created_at" timestamp NOT NULL, "updated_at" timestamp NOT NULL)[0m
  ↳ bin/rails:9
  [1m[35m (5.1ms)[0m  [1m[34mSELECT pg_try_advisory_lock(7483494426443843640)[0m
  ↳ bin/rails:9
  [1m[35m (1.5ms)[0m  [1m[34mSELECT "schema_migrations"."version" FROM "schema_migrations" ORDER BY "schema_migrations"."version" ASC[0m
  ↳ bin/rails:9
Migrating to CreateTodos (20191025161937)
  [1m[35m (0.4ms)[0m  [1m[35mBEGIN[0m
  ↳ bin/rails:9
  [1m[35m (37.8ms)[0m  [1m[35mCREATE TABLE "todos" ("id" bigserial primary key, "title" character varying NOT NULL, "body" character varying NOT NULL, "done" boolean NOT NULL, "created_at" timestamp NOT NULL, "updated_at" timestamp NOT NULL)[0m
  ↳ db/migrate/20191025161937_create_todos.rb:3
  [1m[36mActiveRecord::SchemaMigration Create (5.5ms)[0m  [1m[32mINSERT INTO "schema_migrations" ("version") VALUES ($1) RETURNING "version"[0m  [["version", "20191025161937"]]
  ↳ bin/rails:9
  [1m[35m (1.4ms)[0m  [1m[35mCOMMIT[0m
  ↳ bin/rails:9
  [1m[36mActiveRecord::InternalMetadata Load (6.9ms)[0m  [1m[34mSELECT  "ar_internal_metadata".* FROM "ar_internal_metadata" WHERE "ar_internal_metadata"."key" = $1 LIMIT $2[0m  [["key", "environment"], ["LIMIT", 1]]
  ↳ bin/rails:9
  [1m[35m (0.4ms)[0m  [1m[35mBEGIN[0m
  ↳ bin/rails:9
  [1m[36mActiveRecord::InternalMetadata Create (2.5ms)[0m  [1m[32mINSERT INTO "ar_internal_metadata" ("key", "value", "created_at", "updated_at") VALUES ($1, $2, $3, $4) RETURNING "key"[0m  [["key", "environment"], ["value", "development"], ["created_at", "2019-10-25 16:21:33.518399"], ["updated_at", "2019-10-25 16:21:33.518399"]]
  ↳ bin/rails:9
  [1m[35m (2.8ms)[0m  [1m[35mCOMMIT[0m
  ↳ bin/rails:9
  [1m[35m (0.6ms)[0m  [1m[34mSELECT pg_advisory_unlock(7483494426443843640)[0m
  ↳ bin/rails:9
  [1m[35m (1.6ms)[0m  [1m[34mSELECT "schema_migrations"."version" FROM "schema_migrations" ORDER BY "schema_migrations"."version" ASC[0m
  ↳ bin/rails:9
  [1m[36mTodo Load (2.0ms)[0m  [1m[34mSELECT "todos".* FROM "todos"[0m
  [1m[36mTodo Load (0.6ms)[0m  [1m[34mSELECT  "todos".* FROM "todos" ORDER BY "todos"."id" DESC LIMIT $1[0m  [["LIMIT", 1]]
  [1m[36mTodo Load (0.7ms)[0m  [1m[34mSELECT "todos".* FROM "todos"[0m
  [1m[35m (0.3ms)[0m  [1m[35mBEGIN[0m
  [1m[36mTodo Create (1.4ms)[0m  [1m[32mINSERT INTO "todos" ("title", "body", "done", "created_at", "updated_at") VALUES ($1, $2, $3, $4, $5) RETURNING "id"[0m  [["title", "checkin"], ["body", "for flight"], ["done", false], ["created_at", "2019-10-25 16:26:08.389048"], ["updated_at", "2019-10-25 16:26:08.389048"]]
  [1m[35m (5.6ms)[0m  [1m[35mCOMMIT[0m
  [1m[36mTodo Load (2.2ms)[0m  [1m[34mSELECT  "todos".* FROM "todos" ORDER BY "todos"."id" DESC LIMIT $1[0m  [["LIMIT", 1]]
  [1m[36mTodo Load (0.8ms)[0m  [1m[34mSELECT "todos".* FROM "todos"[0m
  [1m[36mTodo Load (0.9ms)[0m  [1m[34mSELECT "todos".* FROM "todos"[0m
  [1m[35m (0.4ms)[0m  [1m[35mBEGIN[0m
  [1m[36mTodo Create (1.2ms)[0m  [1m[32mINSERT INTO "todos" ("title", "body", "done", "created_at", "updated_at") VALUES ($1, $2, $3, $4, $5) RETURNING "id"[0m  [["title", "buy socks"], ["body", "throw away old socks"], ["done", false], ["created_at", "2019-10-25 17:28:33.179577"], ["updated_at", "2019-10-25 17:28:33.179577"]]
  [1m[35m (2.2ms)[0m  [1m[35mCOMMIT[0m
  [1m[35m (0.3ms)[0m  [1m[35mBEGIN[0m
  [1m[36mTodo Create (0.9ms)[0m  [1m[32mINSERT INTO "todos" ("title", "body", "done", "created_at", "updated_at") VALUES ($1, $2, $3, $4, $5) RETURNING "id"[0m  [["title", "alter bridesmaid dress"], ["body", "go to encinal cleaners"], ["done", false], ["created_at", "2019-10-25 17:29:11.242229"], ["updated_at", "2019-10-25 17:29:11.242229"]]
  [1m[35m (1.4ms)[0m  [1m[35mCOMMIT[0m
  [1m[36mTodo Load (0.8ms)[0m  [1m[34mSELECT "todos".* FROM "todos"[0m
Started GET "/" for ::1 at 2019-10-25 10:34:49 -0700
  [1m[35m (1.2ms)[0m  [1m[34mSELECT "schema_migrations"."version" FROM "schema_migrations" ORDER BY "schema_migrations"."version" ASC[0m
  ↳ /Users/mkim/.rbenv/versions/2.5.1/lib/ruby/gems/2.5.0/gems/activerecord-5.2.3/lib/active_record/log_subscriber.rb:98
Processing by StaticPagesController#root as HTML
  Rendering static_pages/root.html.erb within layouts/application
  Rendered static_pages/root.html.erb within layouts/application (3.5ms)
Completed 500 Internal Server Error in 1294ms (ActiveRecord: 0.0ms)



NoMethodError - undefined method `javascript_pack_tag' for #<#<Class:0x00007fbd3ed47ee0>:0x00007fbd3f1e6d98>
Did you mean?  javascript_path
               javascript_tag:
  app/views/layouts/application.html.erb:9:in `_app_views_layouts_application_html_erb___2232865904045775427_70225386228580'
  app/controllers/static_pages_controller.rb:3:in `root'

Started POST "/__better_errors/dd3f0b069d2587c5/variables" for ::1 at 2019-10-25 10:34:52 -0700
Started GET "/" for ::1 at 2019-10-25 10:35:28 -0700
Processing by StaticPagesController#root as HTML
  Rendering static_pages/root.html.erb within layouts/application
  Rendered static_pages/root.html.erb within layouts/application (0.4ms)
Completed 500 Internal Server Error in 27ms (ActiveRecord: 0.0ms)



Sprockets::Rails::Helper::AssetNotFound - The asset "application.js" is not present in the asset pipeline.:
  app/views/layouts/application.html.erb:9:in `_app_views_layouts_application_html_erb___2232865904045775427_70225424126320'
  app/controllers/static_pages_controller.rb:3:in `root'

Started POST "/__better_errors/97ee83fb11527f54/variables" for ::1 at 2019-10-25 10:35:28 -0700
Started GET "/" for ::1 at 2019-10-25 10:35:31 -0700
Processing by StaticPagesController#root as HTML
  Rendering static_pages/root.html.erb within layouts/application
  Rendered static_pages/root.html.erb within layouts/application (0.3ms)
Completed 500 Internal Server Error in 33ms (ActiveRecord: 0.0ms)



Sprockets::Rails::Helper::AssetNotFound - The asset "application.js" is not present in the asset pipeline.:
  app/views/layouts/application.html.erb:9:in `_app_views_layouts_application_html_erb___2232865904045775427_70225397556340'
  app/controllers/static_pages_controller.rb:3:in `root'

Started POST "/__better_errors/4aaaf1f47c609f3a/variables" for ::1 at 2019-10-25 10:35:31 -0700
Started GET "/" for ::1 at 2019-10-25 10:35:51 -0700
Processing by StaticPagesController#root as HTML
  Rendering static_pages/root.html.erb within layouts/application
  Rendered static_pages/root.html.erb within layouts/application (0.4ms)
Completed 500 Internal Server Error in 33ms (ActiveRecord: 0.0ms)



Sprockets::Rails::Helper::AssetNotFound - The asset "application.js" is not present in the asset pipeline.:
  app/views/layouts/application.html.erb:9:in `_app_views_layouts_application_html_erb___2232865904045775427_70225437646700'
  app/controllers/static_pages_controller.rb:3:in `root'

Started POST "/__better_errors/5391514d90ff7b8c/variables" for ::1 at 2019-10-25 10:35:51 -0700
Started POST "/__better_errors/5391514d90ff7b8c/variables" for ::1 at 2019-10-25 10:35:53 -0700
Started GET "/" for ::1 at 2019-10-25 10:36:25 -0700
Processing by StaticPagesController#root as HTML
  Rendering static_pages/root.html.erb within layouts/application
  Rendered static_pages/root.html.erb within layouts/application (0.3ms)
Completed 500 Internal Server Error in 30ms (ActiveRecord: 0.0ms)



Sprockets::Rails::Helper::AssetNotFound - The asset "application.js" is not present in the asset pipeline.:
  app/views/layouts/application.html.erb:9:in `_app_views_layouts_application_html_erb___2232865904045775427_70225430365400'
  app/controllers/static_pages_controller.rb:3:in `root'

Started POST "/__better_errors/27cc1620f5c27f43/variables" for ::1 at 2019-10-25 10:36:25 -0700
Started GET "/" for ::1 at 2019-10-25 10:36:26 -0700
Processing by StaticPagesController#root as HTML
  Rendering static_pages/root.html.erb within layouts/application
  Rendered static_pages/root.html.erb within layouts/application (0.4ms)
Completed 500 Internal Server Error in 26ms (ActiveRecord: 0.0ms)



Sprockets::Rails::Helper::AssetNotFound - The asset "application.js" is not present in the asset pipeline.:
  app/views/layouts/application.html.erb:9:in `_app_views_layouts_application_html_erb___2232865904045775427_70225393955220'
  app/controllers/static_pages_controller.rb:3:in `root'

Started POST "/__better_errors/e6ba13275d3401c6/variables" for ::1 at 2019-10-25 10:36:27 -0700
Started GET "/" for ::1 at 2019-10-25 10:37:01 -0700
Processing by StaticPagesController#root as HTML
  Rendering static_pages/root.html.erb within layouts/application
  Rendered static_pages/root.html.erb within layouts/application (0.4ms)
Completed 500 Internal Server Error in 27ms (ActiveRecord: 0.0ms)



Sprockets::Rails::Helper::AssetNotFound - The asset "application.js" is not present in the asset pipeline.:
  app/views/layouts/application.html.erb:9:in `_app_views_layouts_application_html_erb___2232865904045775427_70225397704540'
  app/controllers/static_pages_controller.rb:3:in `root'

Started POST "/__better_errors/0d36e138b06ff676/variables" for ::1 at 2019-10-25 10:37:01 -0700
Started GET "/" for ::1 at 2019-10-25 10:37:01 -0700
Processing by StaticPagesController#root as HTML
  Rendering static_pages/root.html.erb within layouts/application
  Rendered static_pages/root.html.erb within layouts/application (0.4ms)
Completed 500 Internal Server Error in 50ms (ActiveRecord: 0.0ms)



Sprockets::Rails::Helper::AssetNotFound - The asset "application.js" is not present in the asset pipeline.:
  app/views/layouts/application.html.erb:9:in `_app_views_layouts_application_html_erb___2232865904045775427_70225385632860'
  app/controllers/static_pages_controller.rb:3:in `root'

Started POST "/__better_errors/e32f4174889cb276/variables" for ::1 at 2019-10-25 10:37:02 -0700
Started GET "/" for ::1 at 2019-10-25 10:37:02 -0700
Processing by StaticPagesController#root as HTML
  Rendering static_pages/root.html.erb within layouts/application
  Rendered static_pages/root.html.erb within layouts/application (2.0ms)
Completed 500 Internal Server Error in 53ms (ActiveRecord: 0.0ms)



Sprockets::Rails::Helper::AssetNotFound - The asset "application.js" is not present in the asset pipeline.:
  app/views/layouts/application.html.erb:9:in `_app_views_layouts_application_html_erb___2232865904045775427_70225430069680'
  app/controllers/static_pages_controller.rb:3:in `root'

Started POST "/__better_errors/b2577eade827684b/variables" for ::1 at 2019-10-25 10:37:03 -0700
Started GET "/" for ::1 at 2019-10-25 10:37:03 -0700
Processing by StaticPagesController#root as HTML
  Rendering static_pages/root.html.erb within layouts/application
  Rendered static_pages/root.html.erb within layouts/application (0.6ms)
Completed 500 Internal Server Error in 43ms (ActiveRecord: 0.0ms)



Sprockets::Rails::Helper::AssetNotFound - The asset "application.js" is not present in the asset pipeline.:
  app/views/layouts/application.html.erb:9:in `_app_views_layouts_application_html_erb___2232865904045775427_70225423718440'
  app/controllers/static_pages_controller.rb:3:in `root'

Started POST "/__better_errors/6679ff746454ce42/variables" for ::1 at 2019-10-25 10:37:04 -0700
Started GET "/" for ::1 at 2019-10-25 10:37:32 -0700
Processing by StaticPagesController#root as HTML
  Rendering static_pages/root.html.erb within layouts/application
  Rendered static_pages/root.html.erb within layouts/application (0.5ms)
Completed 500 Internal Server Error in 38ms (ActiveRecord: 0.0ms)



Sprockets::Rails::Helper::AssetNotFound - The asset "application.js" is not present in the asset pipeline.:
  app/views/layouts/application.html.erb:9:in `_app_views_layouts_application_html_erb___2232865904045775427_70225424010240'
  app/controllers/static_pages_controller.rb:3:in `root'

Started POST "/__better_errors/e8e9f94902337458/variables" for ::1 at 2019-10-25 10:37:33 -0700
Started GET "/" for ::1 at 2019-10-25 10:37:33 -0700
Processing by StaticPagesController#root as HTML
  Rendering static_pages/root.html.erb within layouts/application
  Rendered static_pages/root.html.erb within layouts/application (0.8ms)
Completed 500 Internal Server Error in 45ms (ActiveRecord: 0.0ms)



Sprockets::Rails::Helper::AssetNotFound - The asset "application.js" is not present in the asset pipeline.:
  app/views/layouts/application.html.erb:9:in `_app_views_layouts_application_html_erb___2232865904045775427_70225423198120'
  app/controllers/static_pages_controller.rb:3:in `root'

Started POST "/__better_errors/d3c973a4bf919759/variables" for ::1 at 2019-10-25 10:37:34 -0700
Started GET "/" for ::1 at 2019-10-25 10:38:47 -0700
Processing by StaticPagesController#root as HTML
  Rendering static_pages/root.html.erb within layouts/application
  Rendered static_pages/root.html.erb within layouts/application (1.0ms)
Started GET "/" for ::1 at 2019-10-25 10:38:48 -0700
Processing by StaticPagesController#root as HTML
  Rendering static_pages/root.html.erb within layouts/application
  Rendered static_pages/root.html.erb within layouts/application (0.7ms)
Completed 200 OK in 1364ms (Views: 1361.8ms | ActiveRecord: 0.0ms)


Completed 200 OK in 1062ms (Views: 1061.1ms | ActiveRecord: 0.0ms)


Started GET "/" for ::1 at 2019-10-25 10:38:50 -0700
Processing by StaticPagesController#root as HTML
  Rendering static_pages/root.html.erb within layouts/application
  Rendered static_pages/root.html.erb within layouts/application (0.5ms)
Completed 200 OK in 31ms (Views: 31.0ms | ActiveRecord: 0.0ms)


Started GET "/" for ::1 at 2019-10-25 10:38:51 -0700
Processing by StaticPagesController#root as HTML
  Rendering static_pages/root.html.erb within layouts/application
  Rendered static_pages/root.html.erb within layouts/application (0.8ms)
Completed 200 OK in 32ms (Views: 31.4ms | ActiveRecord: 0.0ms)


Started GET "/" for ::1 at 2019-10-25 10:42:00 -0700
Processing by StaticPagesController#root as HTML
  Rendering static_pages/root.html.erb within layouts/application
  Rendered static_pages/root.html.erb within layouts/application (0.5ms)
Completed 200 OK in 198ms (Views: 197.9ms | ActiveRecord: 0.0ms)


Started GET "/api/todos" for ::1 at 2019-10-25 10:42:02 -0700
Processing by Api::TodosController#index as JSON
No template found for Api::TodosController#index, rendering head :no_content
Completed 204 No Content in 134ms (ActiveRecord: 0.0ms)


Started GET "/api/todos" for ::1 at 2019-10-25 10:48:26 -0700
Processing by Api::TodosController#index as JSON
No template found for Api::TodosController#index, rendering head :no_content
Completed 204 No Content in 129ms (ActiveRecord: 0.0ms)


Started GET "/" for ::1 at 2019-10-25 10:54:32 -0700
Processing by StaticPagesController#root as HTML
  Rendering static_pages/root.html.erb within layouts/application
  Rendered static_pages/root.html.erb within layouts/application (0.5ms)
Completed 200 OK in 51ms (Views: 50.8ms | ActiveRecord: 0.0ms)


Started GET "/api/todos" for ::1 at 2019-10-25 10:54:35 -0700
Processing by Api::TodosController#index as JSON
  [1m[36mTodo Load (0.9ms)[0m  [1m[34mSELECT "todos".* FROM "todos"[0m
  ↳ app/controllers/api/todos_controller.rb:5
Completed 200 OK in 34ms (Views: 13.9ms | ActiveRecord: 13.0ms)


Started GET "/" for ::1 at 2019-10-25 12:07:52 -0700
Processing by StaticPagesController#root as HTML
  Rendering static_pages/root.html.erb within layouts/application
  Rendered static_pages/root.html.erb within layouts/application (0.4ms)
Completed 200 OK in 52ms (Views: 52.2ms | ActiveRecord: 0.0ms)


Started GET "/bundle.js" for ::1 at 2019-10-25 12:07:52 -0700
  
ActionController::RoutingError (No route matches [GET] "/bundle.js"):
  
actionpack (5.2.3) lib/action_dispatch/middleware/debug_exceptions.rb:65:in `call'
web-console (3.7.0) lib/web_console/middleware.rb:135:in `call_app'
web-console (3.7.0) lib/web_console/middleware.rb:30:in `block in call'
web-console (3.7.0) lib/web_console/middleware.rb:20:in `catch'
web-console (3.7.0) lib/web_console/middleware.rb:20:in `call'
actionpack (5.2.3) lib/action_dispatch/middleware/show_exceptions.rb:33:in `call'
railties (5.2.3) lib/rails/rack/logger.rb:38:in `call_app'
railties (5.2.3) lib/rails/rack/logger.rb:26:in `block in call'
activesupport (5.2.3) lib/active_support/tagged_logging.rb:71:in `block in tagged'
activesupport (5.2.3) lib/active_support/tagged_logging.rb:28:in `tagged'
activesupport (5.2.3) lib/active_support/tagged_logging.rb:71:in `tagged'
railties (5.2.3) lib/rails/rack/logger.rb:26:in `call'
sprockets-rails (3.2.1) lib/sprockets/rails/quiet_assets.rb:13:in `call'
actionpack (5.2.3) lib/action_dispatch/middleware/remote_ip.rb:81:in `call'
actionpack (5.2.3) lib/action_dispatch/middleware/request_id.rb:27:in `call'
rack (2.0.7) lib/rack/method_override.rb:22:in `call'
rack (2.0.7) lib/rack/runtime.rb:22:in `call'
activesupport (5.2.3) lib/active_support/cache/strategy/local_cache_middleware.rb:29:in `call'
actionpack (5.2.3) lib/action_dispatch/middleware/executor.rb:14:in `call'
actionpack (5.2.3) lib/action_dispatch/middleware/static.rb:127:in `call'
rack (2.0.7) lib/rack/sendfile.rb:111:in `call'
railties (5.2.3) lib/rails/engine.rb:524:in `call'
puma (3.12.1) lib/puma/configuration.rb:227:in `call'
puma (3.12.1) lib/puma/server.rb:660:in `handle_request'
puma (3.12.1) lib/puma/server.rb:474:in `process_client'
puma (3.12.1) lib/puma/server.rb:334:in `block in run'
puma (3.12.1) lib/puma/thread_pool.rb:135:in `block in spawn_thread'
Started GET "/" for ::1 at 2019-10-25 12:08:53 -0700
Processing by StaticPagesController#root as HTML
  Rendering static_pages/root.html.erb within layouts/application
  Rendered static_pages/root.html.erb within layouts/application (0.6ms)
Completed 200 OK in 48ms (Views: 48.2ms | ActiveRecord: 0.0ms)


Started GET "/bundle.js" for ::1 at 2019-10-25 12:08:54 -0700
  
ActionController::RoutingError (No route matches [GET] "/bundle.js"):
  
actionpack (5.2.3) lib/action_dispatch/middleware/debug_exceptions.rb:65:in `call'
web-console (3.7.0) lib/web_console/middleware.rb:135:in `call_app'
web-console (3.7.0) lib/web_console/middleware.rb:30:in `block in call'
web-console (3.7.0) lib/web_console/middleware.rb:20:in `catch'
web-console (3.7.0) lib/web_console/middleware.rb:20:in `call'
actionpack (5.2.3) lib/action_dispatch/middleware/show_exceptions.rb:33:in `call'
railties (5.2.3) lib/rails/rack/logger.rb:38:in `call_app'
railties (5.2.3) lib/rails/rack/logger.rb:26:in `block in call'
activesupport (5.2.3) lib/active_support/tagged_logging.rb:71:in `block in tagged'
activesupport (5.2.3) lib/active_support/tagged_logging.rb:28:in `tagged'
activesupport (5.2.3) lib/active_support/tagged_logging.rb:71:in `tagged'
railties (5.2.3) lib/rails/rack/logger.rb:26:in `call'
sprockets-rails (3.2.1) lib/sprockets/rails/quiet_assets.rb:13:in `call'
actionpack (5.2.3) lib/action_dispatch/middleware/remote_ip.rb:81:in `call'
actionpack (5.2.3) lib/action_dispatch/middleware/request_id.rb:27:in `call'
rack (2.0.7) lib/rack/method_override.rb:22:in `call'
rack (2.0.7) lib/rack/runtime.rb:22:in `call'
activesupport (5.2.3) lib/active_support/cache/strategy/local_cache_middleware.rb:29:in `call'
actionpack (5.2.3) lib/action_dispatch/middleware/executor.rb:14:in `call'
actionpack (5.2.3) lib/action_dispatch/middleware/static.rb:127:in `call'
rack (2.0.7) lib/rack/sendfile.rb:111:in `call'
railties (5.2.3) lib/rails/engine.rb:524:in `call'
puma (3.12.1) lib/puma/configuration.rb:227:in `call'
puma (3.12.1) lib/puma/server.rb:660:in `handle_request'
puma (3.12.1) lib/puma/server.rb:474:in `process_client'
puma (3.12.1) lib/puma/server.rb:334:in `block in run'
puma (3.12.1) lib/puma/thread_pool.rb:135:in `block in spawn_thread'
Started GET "/" for ::1 at 2019-10-25 12:09:13 -0700
Processing by StaticPagesController#root as HTML
  Rendering static_pages/root.html.erb within layouts/application
  Rendered static_pages/root.html.erb within layouts/application (0.7ms)
Completed 200 OK in 46ms (Views: 46.0ms | ActiveRecord: 0.0ms)


Started GET "/" for ::1 at 2019-10-25 12:09:15 -0700
Processing by StaticPagesController#root as HTML
  Rendering static_pages/root.html.erb within layouts/application
  Rendered static_pages/root.html.erb within layouts/application (0.6ms)
Completed 200 OK in 47ms (Views: 46.5ms | ActiveRecord: 0.0ms)


Started GET "/" for ::1 at 2019-10-25 12:09:46 -0700
Processing by StaticPagesController#root as HTML
  Rendering static_pages/root.html.erb within layouts/application
  Rendered static_pages/root.html.erb within layouts/application (0.8ms)
Completed 200 OK in 31ms (Views: 30.5ms | ActiveRecord: 0.0ms)


Started GET "/" for ::1 at 2019-10-25 12:09:48 -0700
Processing by StaticPagesController#root as HTML
  Rendering static_pages/root.html.erb within layouts/application
  Rendered static_pages/root.html.erb within layouts/application (0.4ms)
Completed 200 OK in 30ms (Views: 29.6ms | ActiveRecord: 0.0ms)


Started GET "/" for ::1 at 2019-10-25 12:10:58 -0700
Processing by StaticPagesController#root as HTML
  Rendering static_pages/root.html.erb within layouts/application
  Rendered static_pages/root.html.erb within layouts/application (0.9ms)
Completed 200 OK in 1101ms (Views: 1100.5ms | ActiveRecord: 0.0ms)


Started GET "/" for ::1 at 2019-10-25 12:11:00 -0700
Processing by StaticPagesController#root as HTML
  Rendering static_pages/root.html.erb within layouts/application
  Rendered static_pages/root.html.erb within layouts/application (0.5ms)
Completed 200 OK in 39ms (Views: 38.5ms | ActiveRecord: 0.0ms)


Started GET "/" for ::1 at 2019-10-25 12:12:34 -0700
Processing by StaticPagesController#root as HTML
  Rendering static_pages/root.html.erb within layouts/application
  Rendered static_pages/root.html.erb within layouts/application (0.6ms)
Completed 500 Internal Server Error in 65ms (ActiveRecord: 0.0ms)



Sass::SyntaxError - wrong number of arguments (3 for 4) for `rgba':
  app/views/layouts/application.html.erb:9:in `_app_views_layouts_application_html_erb___2232865904045775427_70225429513140'
  app/controllers/static_pages_controller.rb:3:in `root'

Started POST "/__better_errors/a119cab977d6992e/variables" for ::1 at 2019-10-25 12:12:35 -0700
Started GET "/" for ::1 at 2019-10-25 12:12:36 -0700
Processing by StaticPagesController#root as HTML
  Rendering static_pages/root.html.erb within layouts/application
  Rendered static_pages/root.html.erb within layouts/application (0.9ms)
Completed 500 Internal Server Error in 59ms (ActiveRecord: 0.0ms)



Sass::SyntaxError - wrong number of arguments (3 for 4) for `rgba':
  app/views/layouts/application.html.erb:9:in `_app_views_layouts_application_html_erb___2232865904045775427_70225397770040'
  app/controllers/static_pages_controller.rb:3:in `root'

Started POST "/__better_errors/7d8892071c532d4e/variables" for ::1 at 2019-10-25 12:12:36 -0700
Started GET "/" for ::1 at 2019-10-25 12:12:49 -0700
Processing by StaticPagesController#root as HTML
  Rendering static_pages/root.html.erb within layouts/application
  Rendered static_pages/root.html.erb within layouts/application (0.7ms)
Completed 200 OK in 515ms (Views: 515.1ms | ActiveRecord: 0.0ms)


